# JRE version: Java(TM) SE Runtime Environment (19.0.2+7) (build 19.0.2+7-44)
# Java VM: Java HotSpot(TM) 64-Bit Server VM (19.0.2+7-44, mixed mode, sharing, tiered, compressed oops, compressed class ptrs, g1 gc, windows-amd64)
GC Precious Log:
 CardTable entry size: 512
 Card Set container configuration: InlinePtr #cards 5 size 8 Array Of Cards #cards 12 size 40 Howl #buckets 4 coarsen threshold 1843 Howl Bitmap #cards 512 size 80 coarsen threshold 460 Card regions per heap region 1 cards per card region 2048
 CPUs: 4 total, 4 available
 Memory: 3976M
 Large Page Support: Disabled
 NUMA Support: Disabled
 Compressed Oops: Enabled (32-bit)
 Heap Region Size: 1M
 Heap Min Capacity: 8M
 Heap Initial Capacity: 64M
 Heap Max Capacity: 2G
 Pre-touch: Disabled
 Parallel Workers: 4
 Concurrent Workers: 1
 Concurrent Refinement Workers: 4
 Periodic GC: Disabled
Heap:
 garbage-first heap   total 427008K, used 257672K [0x0000000080000000, 0x0000000100000000)
  region size 1024K, 131 young (134144K), 4 survivors (4096K)
 Metaspace       used 98547K, committed 100736K, reserved 552960K
  class space    used 13357K, committed 14464K, reserved 421888K
GC Heap History (20 events):
Event: 35.990 GC heap before
{Heap before GC invocations=27 (full 0):
 garbage-first heap   total 130048K, used 105002K [0x0000000080000000, 0x0000000100000000)
  region size 1024K, 50 young (51200K), 7 survivors (7168K)
 Metaspace       used 67839K, committed 69696K, reserved 487424K
  class space    used 9288K, committed 10240K, reserved 421888K
}
Event: 36.028 GC heap after
{Heap after GC invocations=28 (full 0):
 garbage-first heap   total 130048K, used 67337K [0x0000000080000000, 0x0000000100000000)
  region size 1024K, 6 young (6144K), 6 survivors (6144K)
 Metaspace       used 67839K, committed 69696K, reserved 487424K
  class space    used 9288K, committed 10240K, reserved 421888K
}
Event: 36.420 GC heap before
{Heap before GC invocations=28 (full 0):
 garbage-first heap   total 130048K, used 78601K [0x0000000080000000, 0x0000000100000000)
  region size 1024K, 18 young (18432K), 6 survivors (6144K)
 Metaspace       used 69620K, committed 71488K, reserved 487424K
  class space    used 9465K, committed 10432K, reserved 421888K
}
Event: 36.467 GC heap after
{Heap after GC invocations=29 (full 0):
 garbage-first heap   total 185344K, used 68669K [0x0000000080000000, 0x0000000100000000)
  region size 1024K, 2 young (2048K), 2 survivors (2048K)
 Metaspace       used 69620K, committed 71488K, reserved 487424K
  class space    used 9465K, committed 10432K, reserved 421888K
}
Event: 41.967 GC heap before
{Heap before GC invocations=30 (full 0):
 garbage-first heap   total 185344K, used 155709K [0x0000000080000000, 0x0000000100000000)
  region size 1024K, 80 young (81920K), 2 survivors (2048K)
 Metaspace       used 77284K, committed 79168K, reserved 552960K
  class space    used 10377K, committed 11328K, reserved 421888K
}
Event: 42.014 GC heap after
{Heap after GC invocations=31 (full 0):
 garbage-first heap   total 185344K, used 76091K [0x0000000080000000, 0x0000000100000000)
  region size 1024K, 9 young (9216K), 9 survivors (9216K)
 Metaspace       used 77284K, committed 79168K, reserved 552960K
  class space    used 10377K, committed 11328K, reserved 421888K
}
Event: 42.076 GC heap before
{Heap before GC invocations=31 (full 0):
 garbage-first heap   total 185344K, used 77115K [0x0000000080000000, 0x0000000100000000)
  region size 1024K, 10 young (10240K), 9 survivors (9216K)
 Metaspace       used 77435K, committed 79360K, reserved 552960K
  class space    used 10411K, committed 11392K, reserved 421888K
}
Event: 42.171 GC heap after
{Heap after GC invocations=32 (full 0):
 garbage-first heap   total 185344K, used 76698K [0x0000000080000000, 0x0000000100000000)
  region size 1024K, 1 young (1024K), 1 survivors (1024K)
 Metaspace       used 77435K, committed 79360K, reserved 552960K
  class space    used 10411K, committed 11392K, reserved 421888K
}
Event: 51.155 GC heap before
{Heap before GC invocations=32 (full 0):
 garbage-first heap   total 185344K, used 146330K [0x0000000080000000, 0x0000000100000000)
  region size 1024K, 70 young (71680K), 1 survivors (1024K)
 Metaspace       used 81463K, committed 83456K, reserved 552960K
  class space    used 11062K, committed 12096K, reserved 421888K
}
Event: 51.197 GC heap after
{Heap after GC invocations=33 (full 0):
 garbage-first heap   total 185344K, used 81673K [0x0000000080000000, 0x0000000100000000)
  region size 1024K, 6 young (6144K), 6 survivors (6144K)
 Metaspace       used 81463K, committed 83456K, reserved 552960K
  class space    used 11062K, committed 12096K, reserved 421888K
}
Event: 55.318 GC heap before
{Heap before GC invocations=33 (full 0):
 garbage-first heap   total 185344K, used 153353K [0x0000000080000000, 0x0000000100000000)
  region size 1024K, 70 young (71680K), 6 survivors (6144K)
 Metaspace       used 85594K, committed 87680K, reserved 552960K
  class space    used 11740K, committed 12800K, reserved 421888K
}
Event: 55.449 GC heap after
{Heap after GC invocations=34 (full 0):
 garbage-first heap   total 185344K, used 97193K [0x0000000080000000, 0x0000000100000000)
  region size 1024K, 9 young (9216K), 9 survivors (9216K)
 Metaspace       used 85594K, committed 87680K, reserved 552960K
  class space    used 11740K, committed 12800K, reserved 421888K
}
Event: 59.014 GC heap before
{Heap before GC invocations=34 (full 0):
 garbage-first heap   total 185344K, used 151465K [0x0000000080000000, 0x0000000100000000)
  region size 1024K, 59 young (60416K), 9 survivors (9216K)
 Metaspace       used 88100K, committed 90304K, reserved 552960K
  class space    used 12021K, committed 13120K, reserved 421888K
}
Event: 59.110 GC heap after
{Heap after GC invocations=35 (full 0):
 garbage-first heap   total 185344K, used 108109K [0x0000000080000000, 0x0000000100000000)
  region size 1024K, 8 young (8192K), 8 survivors (8192K)
 Metaspace       used 88100K, committed 90304K, reserved 552960K
  class space    used 12021K, committed 13120K, reserved 421888K
}
Event: 62.971 GC heap before
{Heap before GC invocations=35 (full 0):
 garbage-first heap   total 185344K, used 157261K [0x0000000080000000, 0x0000000100000000)
  region size 1024K, 49 young (50176K), 8 survivors (8192K)
 Metaspace       used 90613K, committed 92800K, reserved 552960K
  class space    used 12333K, committed 13440K, reserved 421888K
}
Event: 63.020 GC heap after
{Heap after GC invocations=36 (full 0):
 garbage-first heap   total 185344K, used 125628K [0x0000000080000000, 0x0000000100000000)
  region size 1024K, 7 young (7168K), 7 survivors (7168K)
 Metaspace       used 90613K, committed 92800K, reserved 552960K
  class space    used 12333K, committed 13440K, reserved 421888K
}
Event: 64.305 GC heap before
{Heap before GC invocations=36 (full 0):
 garbage-first heap   total 185344K, used 153276K [0x0000000080000000, 0x0000000100000000)
  region size 1024K, 35 young (35840K), 7 survivors (7168K)
 Metaspace       used 92279K, committed 94528K, reserved 552960K
  class space    used 12580K, committed 13696K, reserved 421888K
}
Event: 64.354 GC heap after
{Heap after GC invocations=37 (full 0):
 garbage-first heap   total 185344K, used 128433K [0x0000000080000000, 0x0000000100000000)
  region size 1024K, 2 young (2048K), 2 survivors (2048K)
 Metaspace       used 92279K, committed 94528K, reserved 552960K
  class space    used 12580K, committed 13696K, reserved 421888K
}
Event: 65.898 GC heap before
{Heap before GC invocations=37 (full 0):
 garbage-first heap   total 185344K, used 156081K [0x0000000080000000, 0x0000000100000000)
  region size 1024K, 29 young (29696K), 2 survivors (2048K)
 Metaspace       used 93832K, committed 96000K, reserved 552960K
  class space    used 12787K, committed 13888K, reserved 421888K
}
Event: 65.920 GC heap after
{Heap after GC invocations=38 (full 0):
 garbage-first heap   total 427008K, used 129672K [0x0000000080000000, 0x0000000100000000)
  region size 1024K, 4 young (4096K), 4 survivors (4096K)
 Metaspace       used 93832K, committed 96000K, reserved 552960K
  class space    used 12787K, committed 13888K, reserved 421888K
}

