# JRE version: Java(TM) SE Runtime Environment (19.0.2+7) (build 19.0.2+7-44)
# Java VM: Java HotSpot(TM) 64-Bit Server VM (19.0.2+7-44, mixed mode, sharing, tiered, compressed oops, compressed class ptrs, g1 gc, windows-amd64)
GC Precious Log:
 CardTable entry size: 512
 Card Set container configuration: InlinePtr #cards 5 size 8 Array Of Cards #cards 12 size 40 Howl #buckets 4 coarsen threshold 1843 Howl Bitmap #cards 512 size 80 coarsen threshold 460 Card regions per heap region 1 cards per card region 2048
 CPUs: 4 total, 4 available
 Memory: 3976M
 Large Page Support: Disabled
 NUMA Support: Disabled
 Compressed Oops: Enabled (32-bit)
 Heap Region Size: 1M
 Heap Min Capacity: 8M
 Heap Initial Capacity: 64M
 Heap Max Capacity: 996M
 Pre-touch: Disabled
 Parallel Workers: 4
 Concurrent Workers: 1
 Concurrent Refinement Workers: 4
 Periodic GC: Disabled
Heap:
 garbage-first heap   total 65536K, used 23529K [0x00000000c1c00000, 0x0000000100000000)
  region size 1024K, 11 young (11264K), 5 survivors (5120K)
 Metaspace       used 18724K, committed 18944K, reserved 1114112K
  class space    used 2051K, committed 2176K, reserved 1048576K
GC Heap History (6 events):
Event: 1.934 GC heap before
{Heap before GC invocations=0 (full 0):
 garbage-first heap   total 65536K, used 16384K [0x00000000c1c00000, 0x0000000100000000)
  region size 1024K, 13 young (13312K), 0 survivors (0K)
 Metaspace       used 3986K, committed 4096K, reserved 1114112K
  class space    used 318K, committed 384K, reserved 1048576K
}
Event: 1.941 GC heap after
{Heap after GC invocations=1 (full 0):
 garbage-first heap   total 65536K, used 5252K [0x00000000c1c00000, 0x0000000100000000)
  region size 1024K, 2 young (2048K), 2 survivors (2048K)
 Metaspace       used 3986K, committed 4096K, reserved 1114112K
  class space    used 318K, committed 384K, reserved 1048576K
}
Event: 3.228 GC heap before
{Heap before GC invocations=1 (full 0):
 garbage-first heap   total 65536K, used 21636K [0x00000000c1c00000, 0x0000000100000000)
  region size 1024K, 19 young (19456K), 2 survivors (2048K)
 Metaspace       used 8145K, committed 8320K, reserved 1114112K
  class space    used 821K, committed 896K, reserved 1048576K
}
Event: 3.235 GC heap after
{Heap after GC invocations=2 (full 0):
 garbage-first heap   total 65536K, used 7035K [0x00000000c1c00000, 0x0000000100000000)
  region size 1024K, 2 young (2048K), 2 survivors (2048K)
 Metaspace       used 8145K, committed 8320K, reserved 1114112K
  class space    used 821K, committed 896K, reserved 1048576K
}
Event: 7.583 GC heap before
{Heap before GC invocations=2 (full 0):
 garbage-first heap   total 65536K, used 46971K [0x00000000c1c00000, 0x0000000100000000)
  region size 1024K, 38 young (38912K), 2 survivors (2048K)
 Metaspace       used 16667K, committed 16896K, reserved 1114112K
  class space    used 1838K, committed 1984K, reserved 1048576K
}
Event: 7.630 GC heap after
{Heap after GC invocations=3 (full 0):
 garbage-first heap   total 65536K, used 18409K [0x00000000c1c00000, 0x0000000100000000)
  region size 1024K, 5 young (5120K), 5 survivors (5120K)
 Metaspace       used 16667K, committed 16896K, reserved 1114112K
  class space    used 1838K, committed 1984K, reserved 1048576K
}

